<?xml version="1.0" encoding="UTF-8"?>
<testsuite name="org.corpus_tools.salt.common.impl.tests.SDocumentGraphTest" time="0.428" tests="44" errors="0" skipped="0" failures="0">
  <properties>
[...]
</properties>
  <testcase name="testCreateSTextualDS__String" classname="org.corpus_tools.salt.common.impl.tests.SDocumentGraphTest" time="0"/>
  <testcase name="testGetSTextualDSs" classname="org.corpus_tools.salt.common.impl.tests.SDocumentGraphTest" time="0"/>
  <testcase name="testIsContinuousByText__EList" classname="org.corpus_tools.salt.common.impl.tests.SDocumentGraphTest" time="0.002"/>
  <testcase name="testGetSortedSTokenByText_2" classname="org.corpus_tools.salt.common.impl.tests.SDocumentGraphTest" time="0.001"/>
  <testcase name="testGetSMediaDSs" classname="org.corpus_tools.salt.common.impl.tests.SDocumentGraphTest" time="0"/>
  <testcase name="testCreateTokenizer" classname="org.corpus_tools.salt.common.impl.tests.SDocumentGraphTest" time="0"/>
  <testcase name="testcreateToken__SSequentialDS_Integer_Integer" classname="org.corpus_tools.salt.common.impl.tests.SDocumentGraphTest" time="0.002"/>
  <testcase name="testGetOverlappedDSSequences__STextualDS_EList" classname="org.corpus_tools.salt.common.impl.tests.SDocumentGraphTest" time="0.001"/>
  <testcase name="testGetOverlappedDSSequences__SNode_EList" classname="org.corpus_tools.salt.common.impl.tests.SDocumentGraphTest" time="0.001"/>
  <testcase name="testGetChildren" classname="org.corpus_tools.salt.common.impl.tests.SDocumentGraphTest" time="0.071"/>
  <testcase name="testGetSSpanningRelations" classname="org.corpus_tools.salt.common.impl.tests.SDocumentGraphTest" time="0.001"/>
  <testcase name="testCreateSTimeline" classname="org.corpus_tools.salt.common.impl.tests.SDocumentGraphTest" time="0.001"/>
  <testcase name="testGetSOrderRelations" classname="org.corpus_tools.salt.common.impl.tests.SDocumentGraphTest" time="0.001"/>
  <testcase name="testcreateToken__DataSourceSequence" classname="org.corpus_tools.salt.common.impl.tests.SDocumentGraphTest" time="0"/>
  <testcase name="testSetGetDocument" classname="org.corpus_tools.salt.common.impl.tests.SDocumentGraphTest" time="0"/>
  <testcase name="testGetSText__SNode" classname="org.corpus_tools.salt.common.impl.tests.SDocumentGraphTest" time="0.048"/>
  <testcase name="testTokenize" classname="org.corpus_tools.salt.common.impl.tests.SDocumentGraphTest" time="0.066"/>
  <testcase name="testGetSortedSTokenByText__EList" classname="org.corpus_tools.salt.common.impl.tests.SDocumentGraphTest" time="0"/>
  <testcase name="testGetSStructures" classname="org.corpus_tools.salt.common.impl.tests.SDocumentGraphTest" time="0.001"/>
  <testcase name="testGetSDominanceRelations" classname="org.corpus_tools.salt.common.impl.tests.SDocumentGraphTest" time="0"/>
  <testcase name="testGetRootsBySRelation__SALT_TYPE" classname="org.corpus_tools.salt.common.impl.tests.SDocumentGraphTest" time="0.001"/>
  <testcase name="testGetSMedialRelations" classname="org.corpus_tools.salt.common.impl.tests.SDocumentGraphTest" time="0.001"/>
  <testcase name="testStoreLoadIsomorph" classname="org.corpus_tools.salt.common.impl.tests.SDocumentGraphTest" time="0.049"/>
  <testcase name="testGetSharedParent" classname="org.corpus_tools.salt.common.impl.tests.SDocumentGraphTest" time="0.029"/>
  <testcase name="testGetSTextualRelations" classname="org.corpus_tools.salt.common.impl.tests.SDocumentGraphTest" time="0"/>
  <testcase name="testSortSTokenByText" classname="org.corpus_tools.salt.common.impl.tests.SDocumentGraphTest" time="0.001"/>
  <testcase name="testCreateSRelation__SNode_SNode_SALT_TYPE_String" classname="org.corpus_tools.salt.common.impl.tests.SDocumentGraphTest" time="0.001"/>
  <testcase name="testGetRootsBySRelationSType__SALT_TYPE" classname="org.corpus_tools.salt.common.impl.tests.SDocumentGraphTest" time="0.003"/>
  <testcase name="testInsertSTokenAt__STextualDS_Integer_String_Boolean" classname="org.corpus_tools.salt.common.impl.tests.SDocumentGraphTest" time="0.001"/>
  <testcase name="testGetSText__SNode__SStructure" classname="org.corpus_tools.salt.common.impl.tests.SDocumentGraphTest" time="0"/>
  <testcase name="testAddSNode__SNode_SNode_SALT_TYPE" classname="org.corpus_tools.salt.common.impl.tests.SDocumentGraphTest" time="0.001"/>
  <testcase name="testTokenize2" classname="org.corpus_tools.salt.common.impl.tests.SDocumentGraphTest" time="0.051"/>
  <testcase name="testTokenize3" classname="org.corpus_tools.salt.common.impl.tests.SDocumentGraphTest" time="0.054"/>
  <testcase name="testcreateToken__EList" classname="org.corpus_tools.salt.common.impl.tests.SDocumentGraphTest" time="0"/>
  <testcase name="testGetOverlappedSTokens__SNode_List" classname="org.corpus_tools.salt.common.impl.tests.SDocumentGraphTest" time="0.002"/>
  <testcase name="testGetSortedSTokenByText" classname="org.corpus_tools.salt.common.impl.tests.SDocumentGraphTest" time="0.001"/>
  <testcase name="testGetSPointingRelations" classname="org.corpus_tools.salt.common.impl.tests.SDocumentGraphTest" time="0"/>
  <testcase name="testGetSSpans" classname="org.corpus_tools.salt.common.impl.tests.SDocumentGraphTest" time="0.001"/>
  <testcase name="testInsertSTokensAt__STextualDS_Integer_EList_Boolean" classname="org.corpus_tools.salt.common.impl.tests.SDocumentGraphTest" time="0.001"/>
  <testcase name="testGetSTimelineRelations" classname="org.corpus_tools.salt.common.impl.tests.SDocumentGraphTest" time="0"/>
  <testcase name="testGetSTokens" classname="org.corpus_tools.salt.common.impl.tests.SDocumentGraphTest" time="0"/>
  <testcase name="testGetSNodeBySequence__DataSourceSequence" classname="org.corpus_tools.salt.common.impl.tests.SDocumentGraphTest" time="0"/>
  <testcase name="testIsContinuousByText__EList_EList" classname="org.corpus_tools.salt.common.impl.tests.SDocumentGraphTest" time="0"/>
  <testcase name="testGetSText__SNode__withDiscontinuesSpan" classname="org.corpus_tools.salt.common.impl.tests.SDocumentGraphTest" time="0.035"/>
</testsuite>