<?xml version="1.0" encoding="UTF-8"?>
<testsuite name="org.corpus_tools.salt.common.impl.tests.SCorpusGraphTest" time="0.008" tests="19" errors="0" skipped="0" failures="0">
  <properties>
[...]
</properties>
  <testcase name="testGetCorpusDocumentRelations" classname="org.corpus_tools.salt.common.impl.tests.SCorpusGraphTest" time="0"/>
  <testcase name="testGraphTraversion" classname="org.corpus_tools.salt.common.impl.tests.SCorpusGraphTest" time="0.001"/>
  <testcase name="testAddSSubCorpus__SCorpus_SCorpus" classname="org.corpus_tools.salt.common.impl.tests.SCorpusGraphTest" time="0"/>
  <testcase name="testAddSDocument__SCorpus_SDocument" classname="org.corpus_tools.salt.common.impl.tests.SCorpusGraphTest" time="0.001"/>
  <testcase name="testGetSCorpus__SDocument" classname="org.corpus_tools.salt.common.impl.tests.SCorpusGraphTest" time="0.001"/>
  <testcase name="testCreateSCorpus__URI" classname="org.corpus_tools.salt.common.impl.tests.SCorpusGraphTest" time="0.001"/>
  <testcase name="testGetDocument__SId" classname="org.corpus_tools.salt.common.impl.tests.SCorpusGraphTest" time="0"/>
  <testcase name="testGetSCorpusRelations" classname="org.corpus_tools.salt.common.impl.tests.SCorpusGraphTest" time="0"/>
  <testcase name="testCreateSCorpus__SCorpus_String" classname="org.corpus_tools.salt.common.impl.tests.SCorpusGraphTest" time="0"/>
  <testcase name="testSaltProject_doubleChaining" classname="org.corpus_tools.salt.common.impl.tests.SCorpusGraphTest" time="0"/>
  <testcase name="testAddUnsupportedRelation" classname="org.corpus_tools.salt.common.impl.tests.SCorpusGraphTest" time="0"/>
  <testcase name="testCheckElementId" classname="org.corpus_tools.salt.common.impl.tests.SCorpusGraphTest" time="0.001"/>
  <testcase name="testGetSCorpus__SId" classname="org.corpus_tools.salt.common.impl.tests.SCorpusGraphTest" time="0"/>
  <testcase name="testGetCorpora" classname="org.corpus_tools.salt.common.impl.tests.SCorpusGraphTest" time="0.001"/>
  <testcase name="testCreateSDocument__SCorpus_String" classname="org.corpus_tools.salt.common.impl.tests.SCorpusGraphTest" time="0.001"/>
  <testcase name="testCreateSDocument__URI" classname="org.corpus_tools.salt.common.impl.tests.SCorpusGraphTest" time="0"/>
  <testcase name="testSetGetSaltProjetc" classname="org.corpus_tools.salt.common.impl.tests.SCorpusGraphTest" time="0"/>
  <testcase name="testGetDocuments" classname="org.corpus_tools.salt.common.impl.tests.SCorpusGraphTest" time="0.001"/>
  <testcase name="testGetSRootCorpus" classname="org.corpus_tools.salt.common.impl.tests.SCorpusGraphTest" time="0"/>
</testsuite>