<?xml version="1.0" encoding="UTF-8" ?>
<testsuite failures="0" time="0.002" errors="0" skipped="0" tests="5" name="de.hu_berlin.german.korpling.saltnpepper.salt.saltSemantics.tests.SCatAnnotationTest">
  <properties>
[...]
</properties>
  <testcase time="0.001" classname="de.hu_berlin.german.korpling.saltnpepper.salt.saltSemantics.tests.SCatAnnotationTest" name="testIsSCatAnnotation__SAnnotation"/>
  <testcase time="0" classname="de.hu_berlin.german.korpling.saltnpepper.salt.saltSemantics.tests.SCatAnnotationTest" name="testGetSName"/>
  <testcase time="0" classname="de.hu_berlin.german.korpling.saltnpepper.salt.saltSemantics.tests.SCatAnnotationTest" name="testSetSName"/>
  <testcase time="0" classname="de.hu_berlin.german.korpling.saltnpepper.salt.saltSemantics.tests.SCatAnnotationTest" name="testGetSNS"/>
  <testcase time="0" classname="de.hu_berlin.german.korpling.saltnpepper.salt.saltSemantics.tests.SCatAnnotationTest" name="testSetSNS"/>
</testsuite>